<?xml version="1.0" encoding="UTF-8"?>
<coverage generated="1591955943">
  <project timestamp="1591955943">
    <package name="SebastianKennedy\LaravelLike\Behaviors">
      <file name="/Users/sebastian/Code/Composer/laravel-like/src/Behaviors/BeLikedBehavior.php">
        <class name="SebastianKennedy\LaravelLike\Behaviors\BeLikedBehavior" namespace="SebastianKennedy\LaravelLike\Behaviors">
          <metrics complexity="6" methods="3" coveredmethods="3" conditionals="0" coveredconditionals="0" statements="14" coveredstatements="14" elements="17" coveredelements="17"/>
        </class>
        <line num="17" type="method" name="isLikedBy" visibility="public" complexity="4" crap="4" count="1"/>
        <line num="19" type="stmt" count="1"/>
        <line num="20" type="stmt" count="1"/>
        <line num="21" type="stmt" count="1"/>
        <line num="24" type="stmt" count="1"/>
        <line num="25" type="stmt" count="1"/>
        <line num="26" type="stmt" count="1"/>
        <line num="29" type="stmt" count="1"/>
        <line num="32" type="method" name="likes" visibility="public" complexity="1" crap="1" count="5"/>
        <line num="34" type="stmt" count="5"/>
        <line num="37" type="method" name="likers" visibility="public" complexity="1" crap="1" count="2"/>
        <line num="39" type="stmt" count="2"/>
        <line num="40" type="stmt" count="2"/>
        <line num="41" type="stmt" count="2"/>
        <line num="42" type="stmt" count="2"/>
        <line num="43" type="stmt" count="2"/>
        <line num="44" type="stmt" count="2"/>
        <metrics loc="46" ncloc="39" classes="1" methods="3" coveredmethods="3" conditionals="0" coveredconditionals="0" statements="14" coveredstatements="14" elements="17" coveredelements="17"/>
      </file>
      <file name="/Users/sebastian/Code/Composer/laravel-like/src/Behaviors/LikerBehavior.php">
        <class name="SebastianKennedy\LaravelLike\Behaviors\LikerBehavior" namespace="SebastianKennedy\LaravelLike\Behaviors">
          <metrics complexity="9" methods="5" coveredmethods="5" conditionals="0" coveredconditionals="0" statements="21" coveredstatements="21" elements="26" coveredelements="26"/>
        </class>
        <line num="17" type="method" name="toggleLike" visibility="public" complexity="2" crap="2" count="1"/>
        <line num="19" type="stmt" count="1"/>
        <line num="22" type="method" name="unlike" visibility="public" complexity="2" crap="2" count="4"/>
        <line num="24" type="stmt" count="4"/>
        <line num="25" type="stmt" count="4"/>
        <line num="26" type="stmt" count="4"/>
        <line num="27" type="stmt" count="4"/>
        <line num="28" type="stmt" count="4"/>
        <line num="30" type="stmt" count="4"/>
        <line num="31" type="stmt" count="4"/>
        <line num="34" type="stmt" count="1"/>
        <line num="37" type="method" name="like" visibility="public" complexity="2" crap="2" count="12"/>
        <line num="39" type="stmt" count="12"/>
        <line num="40" type="stmt" count="12"/>
        <line num="41" type="stmt" count="12"/>
        <line num="42" type="stmt" count="12"/>
        <line num="43" type="stmt" count="12"/>
        <line num="45" type="stmt" count="12"/>
        <line num="48" type="stmt" count="1"/>
        <line num="51" type="method" name="hasLiked" visibility="public" complexity="2" crap="2" count="12"/>
        <line num="53" type="stmt" count="12"/>
        <line num="54" type="stmt" count="12"/>
        <line num="55" type="stmt" count="12"/>
        <line num="56" type="stmt" count="12"/>
        <line num="59" type="method" name="likes" visibility="public" complexity="1" crap="1" count="12"/>
        <line num="61" type="stmt" count="12"/>
        <metrics loc="63" ncloc="56" classes="1" methods="5" coveredmethods="5" conditionals="0" coveredconditionals="0" statements="21" coveredstatements="21" elements="26" coveredelements="26"/>
      </file>
    </package>
    <package name="SebastianKennedy\LaravelLike\Events">
      <file name="/Users/sebastian/Code/Composer/laravel-like/src/Events/LikedEvent.php">
        <class name="SebastianKennedy\LaravelLike\Events\LikedEvent" namespace="SebastianKennedy\LaravelLike\Events">
          <metrics complexity="1" methods="1" coveredmethods="1" conditionals="0" coveredconditionals="0" statements="2" coveredstatements="2" elements="3" coveredelements="3"/>
        </class>
        <line num="19" type="method" name="__construct" visibility="public" complexity="1" crap="1" count="12"/>
        <line num="21" type="stmt" count="12"/>
        <line num="22" type="stmt" count="12"/>
        <metrics loc="23" ncloc="16" classes="1" methods="1" coveredmethods="1" conditionals="0" coveredconditionals="0" statements="2" coveredstatements="2" elements="3" coveredelements="3"/>
      </file>
      <file name="/Users/sebastian/Code/Composer/laravel-like/src/Events/UnLikedEvent.php">
        <class name="SebastianKennedy\LaravelLike\Events\UnLikedEvent" namespace="SebastianKennedy\LaravelLike\Events">
          <metrics complexity="1" methods="1" coveredmethods="1" conditionals="0" coveredconditionals="0" statements="2" coveredstatements="2" elements="3" coveredelements="3"/>
        </class>
        <line num="19" type="method" name="__construct" visibility="public" complexity="1" crap="1" count="4"/>
        <line num="21" type="stmt" count="4"/>
        <line num="22" type="stmt" count="4"/>
        <metrics loc="23" ncloc="16" classes="1" methods="1" coveredmethods="1" conditionals="0" coveredconditionals="0" statements="2" coveredstatements="2" elements="3" coveredelements="3"/>
      </file>
    </package>
    <package name="SebastianKennedy\LaravelLike">
      <file name="/Users/sebastian/Code/Composer/laravel-like/src/Like.php">
        <class name="SebastianKennedy\LaravelLike\Like" namespace="SebastianKennedy\LaravelLike" fullPackage="SebastianKennedy" package="SebastianKennedy">
          <metrics complexity="6" methods="5" coveredmethods="5" conditionals="0" coveredconditionals="0" statements="7" coveredstatements="7" elements="12" coveredelements="12"/>
        </class>
        <line num="29" type="method" name="__construct" visibility="public" complexity="1" crap="1" count="12"/>
        <line num="31" type="stmt" count="12"/>
        <line num="33" type="stmt" count="12"/>
        <line num="34" type="stmt" count="12"/>
        <line num="36" type="method" name="likable" visibility="public" complexity="1" crap="1" count="3"/>
        <line num="38" type="stmt" count="3"/>
        <line num="41" type="method" name="liker" visibility="public" complexity="2" crap="2" count="1"/>
        <line num="43" type="stmt" count="1"/>
        <line num="46" type="method" name="user" visibility="public" complexity="1" crap="1" count="4"/>
        <line num="48" type="stmt" count="4"/>
        <line num="51" type="method" name="scopeWithType" visibility="public" complexity="1" crap="1" count="2"/>
        <line num="53" type="stmt" count="2"/>
        <metrics loc="55" ncloc="43" classes="1" methods="5" coveredmethods="5" conditionals="0" coveredconditionals="0" statements="7" coveredstatements="7" elements="12" coveredelements="12"/>
      </file>
      <file name="/Users/sebastian/Code/Composer/laravel-like/src/LikeServiceProvider.php">
        <class name="SebastianKennedy\LaravelLike\LikeServiceProvider" namespace="SebastianKennedy\LaravelLike" fullPackage="SebastianKennedy" package="SebastianKennedy">
          <metrics complexity="3" methods="2" coveredmethods="2" conditionals="0" coveredconditionals="0" statements="7" coveredstatements="7" elements="9" coveredelements="9"/>
        </class>
        <line num="22" type="method" name="boot" visibility="public" complexity="2" crap="2" count="12"/>
        <line num="24" type="stmt" count="12"/>
        <line num="25" type="stmt" count="12"/>
        <line num="27" type="stmt" count="12"/>
        <line num="28" type="stmt" count="12"/>
        <line num="30" type="stmt" count="12"/>
        <line num="32" type="method" name="register" visibility="public" complexity="1" crap="1" count="12"/>
        <line num="34" type="stmt" count="12"/>
        <line num="35" type="stmt" count="12"/>
        <metrics loc="36" ncloc="24" classes="1" methods="2" coveredmethods="2" conditionals="0" coveredconditionals="0" statements="7" coveredstatements="7" elements="9" coveredelements="9"/>
      </file>
    </package>
    <metrics files="6" loc="246" ncloc="194" classes="6" methods="17" coveredmethods="17" conditionals="0" coveredconditionals="0" statements="53" coveredstatements="53" elements="70" coveredelements="70"/>
  </project>
</coverage>
